<?xml version="1.0" encoding="UTF-8"?>
<testsuite name="NetworkLoggerInterceptorTest" tests="2" skipped="0" failures="0" errors="0" timestamp="2020-07-18T21:51:33" hostname="oscargallonsMBP.home" time="1.104">
  <properties/>
  <testcase name="given a requets to an endpoint without network tracking event when interceptor intercepts it should just return the response" classname="NetworkLoggerInterceptorTest" time="1.063"/>
  <testcase name="given a request to an endpoint with network tracking event when interceptor intercepts then it should return the response, call the mapper and log the event" classname="NetworkLoggerInterceptorTest" time="0.04"/>
  <system-out><![CDATA[]]></system-out>
  <system-err><![CDATA[]]></system-err>
</testsuite>
