<?xml version="1.0" encoding="UTF-8"?>
<testsuite name="NetworkLoggerInterceptorTest" tests="2" skipped="0" failures="0" errors="0" timestamp="2020-07-21T14:38:41" hostname="oscargallons-MacBook-Pro.local" time="0.831">
  <properties/>
  <testcase name="given a requets to an endpoint without network tracking event when interceptor intercepts it should just return the response" classname="NetworkLoggerInterceptorTest" time="0.71"/>
  <testcase name="given a request to an endpoint with network tracking event when interceptor intercepts then it should return the response, call the mapper and log the event" classname="NetworkLoggerInterceptorTest" time="0.119"/>
  <system-out><![CDATA[]]></system-out>
  <system-err><![CDATA[]]></system-err>
</testsuite>
